<?xml version="1.0" encoding="UTF-8"?>
<!-- Generated by org.testng.reporters.JUnitXMLReporter -->
<testsuite hostname="AAS" failures="0" tests="5" name="Test" time="27.613" errors="0" timestamp="21 Sep 2021 17:30:59 GMT">
  <testcase classname="Academy.AppTest" name="shouldAnswerWithTrue" time="0.009"/>
  <testcase classname="Academy.ValidationTitle" name="basePageNavigation" time="0.05"/>
  <testcase classname="Academy.HomePage" name="basePageNavigation" time="6.255"/>
  <testcase classname="Academy.HomePage" name="basePageNavigation" time="2.977"/>
  <testcase classname="Academy.ValidationMenu" name="basePageNavigation" time="0.09"/>
</testsuite> <!-- Test -->
