<?xml version="1.0" encoding="UTF-8"?>
<testsuite name="TestSuite" time="3.278" tests="6" errors="0" skipped="0" failures="2">
  <properties>
[...]
</properties>
  <testcase name="shouldAnswerWithTrue" classname="Academy.AppTest" time="0.017"/>
  <testcase name="basePageNavigation" classname="Academy.ValidationMenu" time="0.134"/>
  <testcase name="ValidateHeader" classname="Academy.ValidationTitle" time="0.066">
    <failure message="expected [An Academy to learn Everything about Testing] but found [AN ACADEMY TO LEARN EVERYTHING ABOUT TESTING]" type="java.lang.AssertionError">java.lang.AssertionError: expected [An Academy to learn Everything about Testing] but found [AN ACADEMY TO LEARN EVERYTHING ABOUT TESTING]
	at org.testng.Assert.fail(Assert.java:94)
	at org.testng.Assert.failNotEquals(Assert.java:494)
	at org.testng.Assert.assertEquals(Assert.java:123)
	at org.testng.Assert.assertEquals(Assert.java:176)
	at org.testng.Assert.assertEquals(Assert.java:186)
	at Academy.ValidationTitle.ValidateHeader(ValidationTitle.java:46)
</failure>
  </testcase>
  <testcase name="basePageNavigation" classname="Academy.HomePage" time="0.224"/>
  <testcase name="basePageNavigation" classname="Academy.ValidationTitle" time="0.185">
    <failure message="expected [FEATURED COURSES123] but found [FEATURED COURSES]" type="java.lang.AssertionError">java.lang.AssertionError: expected [FEATURED COURSES123] but found [FEATURED COURSES]
	at org.testng.Assert.fail(Assert.java:94)
	at org.testng.Assert.failNotEquals(Assert.java:494)
	at org.testng.Assert.assertEquals(Assert.java:123)
	at org.testng.Assert.assertEquals(Assert.java:176)
	at org.testng.Assert.assertEquals(Assert.java:186)
	at Academy.ValidationTitle.basePageNavigation(ValidationTitle.java:36)
</failure>
  </testcase>
  <testcase name="basePageNavigation" classname="Academy.HomePage" time="2.652"/>
</testsuite>