<?xml version="1.0" encoding="UTF-8"?>
<testng-results total="2" passed="2" failed="0" skipped="0">
  <reporter-output>
  </reporter-output>
  <suite started-at="2021-10-01T07:29:00Z" name="Suite" finished-at="2021-10-01T07:29:06Z" duration-ms="5794">
    <groups>
      <group name="cucumber">
        <method signature="AbstractTestNGCucumberTests.feature(cucumber.api.testng.CucumberFeatureWrapper)[pri:0, instance:CucumberOptions.TestRunner@67fe380b]" name="feature" class="cucumber.api.testng.AbstractTestNGCucumberTests"/>
      </group> <!-- cucumber -->
    </groups>
    <test started-at="2021-10-01T07:29:00Z" name="Cucumber" finished-at="2021-10-01T07:29:06Z" duration-ms="5794">
      <class name="CucumberOptions.TestRunner">
        <test-method is-config="true" signature="setUpClass()[pri:0, instance:CucumberOptions.TestRunner@67fe380b]" started-at="2021-10-01T10:28:52Z" name="setUpClass" finished-at="2021-10-01T10:28:52Z" duration-ms="313" status="PASS">
          <reporter-output>
          </reporter-output>
        </test-method> <!-- setUpClass -->
        <test-method signature="feature(cucumber.api.testng.CucumberFeatureWrapper)[pri:0, instance:CucumberOptions.TestRunner@67fe380b]" started-at="2021-10-01T10:28:53Z" name="feature" description="Runs Cucumber Feature" data-provider="features" finished-at="2021-10-01T10:29:00Z" duration-ms="6909" status="PASS">
          <params>
            <param index="0">
              <value>
                <![CDATA[Login into Application]]>
              </value>
            </param>
          </params>
          <reporter-output>
          </reporter-output>
        </test-method> <!-- feature -->
        <test-method is-config="true" signature="tearDownClass()[pri:0, instance:CucumberOptions.TestRunner@67fe380b]" started-at="2021-10-01T10:29:00Z" name="tearDownClass" finished-at="2021-10-01T10:29:00Z" duration-ms="4" status="PASS">
          <reporter-output>
          </reporter-output>
        </test-method> <!-- tearDownClass -->
        <test-method signature="feature(cucumber.api.testng.CucumberFeatureWrapper)[pri:0, instance:CucumberOptions.TestRunner@67fe380b]" started-at="2021-10-01T10:29:00Z" name="feature" description="Runs Cucumber Feature" data-provider="features" finished-at="2021-10-01T10:29:06Z" duration-ms="5788" status="PASS">
          <params>
            <param index="0">
              <value>
                <![CDATA[Login into Application]]>
              </value>
            </param>
          </params>
          <reporter-output>
          </reporter-output>
        </test-method> <!-- feature -->
        <test-method is-config="true" signature="tearDownClass()[pri:0, instance:CucumberOptions.TestRunner@67fe380b]" started-at="2021-10-01T10:29:06Z" name="tearDownClass" finished-at="2021-10-01T10:29:06Z" duration-ms="1" status="PASS">
          <reporter-output>
          </reporter-output>
        </test-method> <!-- tearDownClass -->
      </class> <!-- CucumberOptions.TestRunner -->
    </test> <!-- Cucumber -->
  </suite> <!-- Suite -->
</testng-results>
