<?xml version="1.0" encoding="UTF-8"?>
<testng-results total="2" passed="0" failed="0" skipped="2">
  <reporter-output>
  </reporter-output>
  <suite started-at="2021-09-25T05:53:40Z" name="Default suite" finished-at="2021-09-25T05:53:40Z" duration-ms="92">
    <groups>
    </groups>
    <test started-at="2021-09-25T05:53:40Z" name="Default test" finished-at="2021-09-25T05:53:40Z" duration-ms="92">
      <class name="Academy.ValidationTitle">
        <test-method is-config="true" signature="initilize()[pri:0, instance:Academy.ValidationTitle@7db534f2]" started-at="2021-09-25T08:53:40Z" name="initilize" finished-at="2021-09-25T08:53:40Z" duration-ms="0" status="FAIL">
          <exception class="java.lang.NullPointerException">
            <message>
              <![CDATA[Cannot invoke "String.contains(java.lang.CharSequence)" because "browserName" is null]]>
            </message>
            <full-stacktrace>
              <![CDATA[java.lang.NullPointerException: Cannot invoke "String.contains(java.lang.CharSequence)" because "browserName" is null
	at Resources.base.initializeDriver(base.java:34)
	at Academy.ValidationTitle.initilize(ValidationTitle.java:25)
	at java.base/jdk.internal.reflect.NativeMethodAccessorImpl.invoke0(Native Method)
	at java.base/jdk.internal.reflect.NativeMethodAccessorImpl.invoke(NativeMethodAccessorImpl.java:64)
	at java.base/jdk.internal.reflect.DelegatingMethodAccessorImpl.invoke(DelegatingMethodAccessorImpl.java:43)
	at java.base/java.lang.reflect.Method.invoke(Method.java:564)
	at org.testng.internal.MethodInvocationHelper.invokeMethod(MethodInvocationHelper.java:80)
	at org.testng.internal.Invoker.invokeConfigurationMethod(Invoker.java:564)
	at org.testng.internal.Invoker.invokeConfigurations(Invoker.java:213)
	at org.testng.internal.Invoker.invokeConfigurations(Invoker.java:138)
	at org.testng.TestRunner.beforeRun(TestRunner.java:641)
	at org.testng.TestRunner.run(TestRunner.java:609)
	at org.testng.SuiteRunner.runTest(SuiteRunner.java:334)
	at org.testng.SuiteRunner.runSequentially(SuiteRunner.java:329)
	at org.testng.SuiteRunner.privateRun(SuiteRunner.java:291)
	at org.testng.SuiteRunner.run(SuiteRunner.java:240)
	at org.testng.SuiteRunnerWorker.runSuite(SuiteRunnerWorker.java:52)
	at org.testng.SuiteRunnerWorker.run(SuiteRunnerWorker.java:86)
	at org.testng.TestNG.runSuitesSequentially(TestNG.java:1198)
	at org.testng.TestNG.runSuitesLocally(TestNG.java:1123)
	at org.testng.TestNG.run(TestNG.java:1031)
	at org.testng.remote.AbstractRemoteTestNG.run(AbstractRemoteTestNG.java:115)
	at org.testng.remote.RemoteTestNG.initAndRun(RemoteTestNG.java:251)
	at org.testng.remote.RemoteTestNG.main(RemoteTestNG.java:77)
]]>
            </full-stacktrace>
          </exception> <!-- java.lang.NullPointerException -->
          <reporter-output>
          </reporter-output>
        </test-method> <!-- initilize -->
        <test-method signature="ValidateHeader()[pri:0, instance:Academy.ValidationTitle@7db534f2]" started-at="2021-09-25T08:53:40Z" name="ValidateHeader" finished-at="2021-09-25T08:53:40Z" duration-ms="7" status="SKIP">
          <reporter-output>
          </reporter-output>
        </test-method> <!-- ValidateHeader -->
        <test-method signature="basePageNavigation()[pri:0, instance:Academy.ValidationTitle@7db534f2]" started-at="2021-09-25T08:53:40Z" name="basePageNavigation" finished-at="2021-09-25T08:53:40Z" duration-ms="8" status="SKIP">
          <reporter-output>
          </reporter-output>
        </test-method> <!-- basePageNavigation -->
        <test-method is-config="true" signature="teardown()[pri:0, instance:Academy.ValidationTitle@7db534f2]" started-at="2021-09-25T08:53:40Z" name="teardown" finished-at="2021-09-25T08:53:40Z" duration-ms="0" status="SKIP">
          <reporter-output>
          </reporter-output>
        </test-method> <!-- teardown -->
      </class> <!-- Academy.ValidationTitle -->
    </test> <!-- Default test -->
  </suite> <!-- Default suite -->
</testng-results>
